# JRE version: OpenJDK Runtime Environment (11.0.10) (build 11.0.10+0-b96-7249189)
# Java VM: OpenJDK 64-Bit Server VM (11.0.10+0-b96-7249189, mixed mode, tiered, compressed oops, g1 gc, windows-amd64)
Heap:
 garbage-first heap   total 312320K, used 94872K [0x0000000080000000, 0x0000000100000000)
  region size 1024K, 8 young (8192K), 8 survivors (8192K)
 Metaspace       used 76178K, capacity 78183K, committed 78488K, reserved 1118208K
  class space    used 9872K, capacity 10552K, committed 10648K, reserved 1048576K
GC Heap History (20 events):
Event: 0.879 GC heap after
{Heap after GC invocations=1 (full 0):
 garbage-first heap   total 260096K, used 9180K [0x0000000080000000, 0x0000000100000000)
  region size 1024K, 3 young (3072K), 3 survivors (3072K)
 Metaspace       used 10191K, capacity 10367K, committed 10624K, reserved 1058816K
  class space    used 1064K, capacity 1141K, committed 1152K, reserved 1048576K
}
Event: 1.132 GC heap before
{Heap before GC invocations=1 (full 0):
 garbage-first heap   total 260096K, used 31708K [0x0000000080000000, 0x0000000100000000)
  region size 1024K, 25 young (25600K), 3 survivors (3072K)
 Metaspace       used 11072K, capacity 11320K, committed 11520K, reserved 1058816K
  class space    used 1165K, capacity 1245K, committed 1280K, reserved 1048576K
}
Event: 1.134 GC heap after
{Heap after GC invocations=2 (full 0):
 garbage-first heap   total 260096K, used 9965K [0x0000000080000000, 0x0000000100000000)
  region size 1024K, 1 young (1024K), 1 survivors (1024K)
 Metaspace       used 11072K, capacity 11320K, committed 11520K, reserved 1058816K
  class space    used 1165K, capacity 1245K, committed 1280K, reserved 1048576K
}
Event: 2.900 GC heap before
{Heap before GC invocations=2 (full 0):
 garbage-first heap   total 260096K, used 65261K [0x0000000080000000, 0x0000000100000000)
  region size 1024K, 55 young (56320K), 1 survivors (1024K)
 Metaspace       used 18707K, capacity 19171K, committed 19328K, reserved 1067008K
  class space    used 2251K, capacity 2415K, committed 2432K, reserved 1048576K
}
Event: 2.905 GC heap after
{Heap after GC invocations=3 (full 0):
 garbage-first heap   total 260096K, used 16628K [0x0000000080000000, 0x0000000100000000)
  region size 1024K, 7 young (7168K), 7 survivors (7168K)
 Metaspace       used 18707K, capacity 19171K, committed 19328K, reserved 1067008K
  class space    used 2251K, capacity 2415K, committed 2432K, reserved 1048576K
}
Event: 3.054 GC heap before
{Heap before GC invocations=3 (full 0):
 garbage-first heap   total 260096K, used 33012K [0x0000000080000000, 0x0000000100000000)
  region size 1024K, 24 young (24576K), 7 survivors (7168K)
 Metaspace       used 20578K, capacity 21099K, committed 21248K, reserved 1067008K
  class space    used 2514K, capacity 2701K, committed 2816K, reserved 1048576K
}
Event: 3.061 GC heap after
{Heap after GC invocations=4 (full 0):
 garbage-first heap   total 260096K, used 17009K [0x0000000080000000, 0x0000000100000000)
  region size 1024K, 1 young (1024K), 1 survivors (1024K)
 Metaspace       used 20578K, capacity 21099K, committed 21248K, reserved 1067008K
  class space    used 2514K, capacity 2701K, committed 2816K, reserved 1048576K
}
Event: 3.867 GC heap before
{Heap before GC invocations=5 (full 0):
 garbage-first heap   total 260096K, used 97905K [0x0000000080000000, 0x0000000100000000)
  region size 1024K, 71 young (72704K), 1 survivors (1024K)
 Metaspace       used 27174K, capacity 27933K, committed 28032K, reserved 1073152K
  class space    used 3601K, capacity 3879K, committed 3968K, reserved 1048576K
}
Event: 3.873 GC heap after
{Heap after GC invocations=6 (full 0):
 garbage-first heap   total 260096K, used 32561K [0x0000000080000000, 0x0000000100000000)
  region size 1024K, 6 young (6144K), 6 survivors (6144K)
 Metaspace       used 27174K, capacity 27933K, committed 28032K, reserved 1073152K
  class space    used 3601K, capacity 3879K, committed 3968K, reserved 1048576K
}
Event: 4.584 GC heap before
{Heap before GC invocations=6 (full 0):
 garbage-first heap   total 260096K, used 77617K [0x0000000080000000, 0x0000000100000000)
  region size 1024K, 51 young (52224K), 6 survivors (6144K)
 Metaspace       used 34757K, capacity 35695K, committed 35840K, reserved 1081344K
  class space    used 4549K, capacity 4891K, committed 4992K, reserved 1048576K
}
Event: 4.597 GC heap after
{Heap after GC invocations=7 (full 0):
 garbage-first heap   total 260096K, used 35294K [0x0000000080000000, 0x0000000100000000)
  region size 1024K, 9 young (9216K), 9 survivors (9216K)
 Metaspace       used 34757K, capacity 35695K, committed 35840K, reserved 1081344K
  class space    used 4549K, capacity 4891K, committed 4992K, reserved 1048576K
}
Event: 5.784 GC heap before
{Heap before GC invocations=8 (full 0):
 garbage-first heap   total 260096K, used 139742K [0x0000000080000000, 0x0000000100000000)
  region size 1024K, 100 young (102400K), 9 survivors (9216K)
 Metaspace       used 42123K, capacity 43392K, committed 43520K, reserved 1087488K
  class space    used 5432K, capacity 5871K, committed 5888K, reserved 1048576K
}
Event: 5.799 GC heap after
{Heap after GC invocations=9 (full 0):
 garbage-first heap   total 260096K, used 52585K [0x0000000080000000, 0x0000000100000000)
  region size 1024K, 12 young (12288K), 12 survivors (12288K)
 Metaspace       used 42123K, capacity 43392K, committed 43520K, reserved 1087488K
  class space    used 5432K, capacity 5871K, committed 5888K, reserved 1048576K
}
Event: 6.909 GC heap before
{Heap before GC invocations=9 (full 0):
 garbage-first heap   total 260096K, used 157033K [0x0000000080000000, 0x0000000100000000)
  region size 1024K, 114 young (116736K), 12 survivors (12288K)
 Metaspace       used 48480K, capacity 49971K, committed 50048K, reserved 1093632K
  class space    used 6232K, capacity 6737K, committed 6784K, reserved 1048576K
}
Event: 6.923 GC heap after
{Heap after GC invocations=10 (full 0):
 garbage-first heap   total 260096K, used 58805K [0x0000000080000000, 0x0000000100000000)
  region size 1024K, 8 young (8192K), 8 survivors (8192K)
 Metaspace       used 48480K, capacity 49971K, committed 50048K, reserved 1093632K
  class space    used 6232K, capacity 6737K, committed 6784K, reserved 1048576K
}
Event: 8.313 GC heap before
{Heap before GC invocations=10 (full 0):
 garbage-first heap   total 260096K, used 170421K [0x0000000080000000, 0x0000000100000000)
  region size 1024K, 111 young (113664K), 8 survivors (8192K)
 Metaspace       used 58427K, capacity 60124K, committed 60160K, reserved 1101824K
  class space    used 7456K, capacity 8060K, committed 8064K, reserved 1048576K
}
Event: 8.339 GC heap after
{Heap after GC invocations=11 (full 0):
 garbage-first heap   total 260096K, used 78552K [0x0000000080000000, 0x0000000100000000)
  region size 1024K, 16 young (16384K), 16 survivors (16384K)
 Metaspace       used 58427K, capacity 60124K, committed 60160K, reserved 1101824K
  class space    used 7456K, capacity 8060K, committed 8064K, reserved 1048576K
}
Event: 9.628 GC heap before
{Heap before GC invocations=12 (full 0):
 garbage-first heap   total 260096K, used 183000K [0x0000000080000000, 0x0000000100000000)
  region size 1024K, 118 young (120832K), 16 survivors (16384K)
 Metaspace       used 67470K, capacity 69409K, committed 69528K, reserved 1110016K
  class space    used 8595K, capacity 9286K, committed 9368K, reserved 1048576K
}
Event: 9.669 GC heap after
{Heap after GC invocations=13 (full 0):
 garbage-first heap   total 260096K, used 87536K [0x0000000080000000, 0x0000000100000000)
  region size 1024K, 9 young (9216K), 9 survivors (9216K)
 Metaspace       used 67470K, capacity 69409K, committed 69528K, reserved 1110016K
  class space    used 8595K, capacity 9286K, committed 9368K, reserved 1048576K
}
Event: 11.986 GC heap before
{Heap before GC invocations=14 (full 0):
 garbage-first heap   total 260096K, used 189936K [0x0000000080000000, 0x0000000100000000)
  region size 1024K, 109 young (111616K), 9 survivors (9216K)
 Metaspace       used 76178K, capacity 78183K, committed 78488K, reserved 1118208K
  class space    used 9872K, capacity 10552K, committed 10648K, reserved 1048576K
}

