# JRE version: OpenJDK Runtime Environment (11.0.10) (build 11.0.10+0-b96-7249189)
# Java VM: OpenJDK 64-Bit Server VM (11.0.10+0-b96-7249189, mixed mode, tiered, compressed oops, g1 gc, windows-amd64)
Heap:
 garbage-first heap   total 260096K, used 139138K [0x0000000080000000, 0x0000000100000000)
  region size 1024K, 21 young (21504K), 6 survivors (6144K)
 Metaspace       used 103542K, capacity 106125K, committed 106240K, reserved 1140736K
  class space    used 13246K, capacity 14241K, committed 14336K, reserved 1048576K
GC Heap History (20 events):
Event: 8.974 GC heap before
{Heap before GC invocations=8 (full 0):
 garbage-first heap   total 260096K, used 157770K [0x0000000080000000, 0x0000000100000000)
  region size 1024K, 118 young (120832K), 10 survivors (10240K)
 Metaspace       used 44452K, capacity 45709K, committed 45824K, reserved 1089536K
  class space    used 5583K, capacity 6044K, committed 6144K, reserved 1048576K
}
Event: 9.002 GC heap after
{Heap after GC invocations=9 (full 0):
 garbage-first heap   total 260096K, used 53686K [0x0000000080000000, 0x0000000100000000)
  region size 1024K, 14 young (14336K), 14 survivors (14336K)
 Metaspace       used 44452K, capacity 45709K, committed 45824K, reserved 1089536K
  class space    used 5583K, capacity 6044K, committed 6144K, reserved 1048576K
}
Event: 11.339 GC heap before
{Heap before GC invocations=10 (full 0):
 garbage-first heap   total 260096K, used 171446K [0x0000000080000000, 0x0000000100000000)
  region size 1024K, 130 young (133120K), 14 survivors (14336K)
 Metaspace       used 49722K, capacity 51215K, committed 51456K, reserved 1093632K
  class space    used 6352K, capacity 6863K, committed 6912K, reserved 1048576K
}
Event: 11.353 GC heap after
{Heap after GC invocations=11 (full 0):
 garbage-first heap   total 260096K, used 61962K [0x0000000080000000, 0x0000000100000000)
  region size 1024K, 10 young (10240K), 10 survivors (10240K)
 Metaspace       used 49722K, capacity 51215K, committed 51456K, reserved 1093632K
  class space    used 6352K, capacity 6863K, committed 6912K, reserved 1048576K
}
Event: 14.724 GC heap before
{Heap before GC invocations=11 (full 0):
 garbage-first heap   total 260096K, used 193034K [0x0000000080000000, 0x0000000100000000)
  region size 1024K, 131 young (134144K), 10 survivors (10240K)
 Metaspace       used 63853K, capacity 65591K, committed 65920K, reserved 1105920K
  class space    used 8085K, capacity 8721K, committed 8832K, reserved 1048576K
}
Event: 14.739 GC heap after
{Heap after GC invocations=12 (full 0):
 garbage-first heap   total 260096K, used 82359K [0x0000000080000000, 0x0000000100000000)
  region size 1024K, 17 young (17408K), 17 survivors (17408K)
 Metaspace       used 63853K, capacity 65591K, committed 65920K, reserved 1105920K
  class space    used 8085K, capacity 8721K, committed 8832K, reserved 1048576K
}
Event: 17.256 GC heap before
{Heap before GC invocations=12 (full 0):
 garbage-first heap   total 260096K, used 196023K [0x0000000080000000, 0x0000000100000000)
  region size 1024K, 127 young (130048K), 17 survivors (17408K)
 Metaspace       used 72514K, capacity 74286K, committed 74624K, reserved 1114112K
  class space    used 9345K, capacity 10009K, committed 10112K, reserved 1048576K
}
Event: 17.274 GC heap after
{Heap after GC invocations=13 (full 0):
 garbage-first heap   total 260096K, used 92402K [0x0000000080000000, 0x0000000100000000)
  region size 1024K, 9 young (9216K), 9 survivors (9216K)
 Metaspace       used 72514K, capacity 74286K, committed 74624K, reserved 1114112K
  class space    used 9345K, capacity 10009K, committed 10112K, reserved 1048576K
}
Event: 17.699 GC heap before
{Heap before GC invocations=13 (full 0):
 garbage-first heap   total 260096K, used 113906K [0x0000000080000000, 0x0000000100000000)
  region size 1024K, 31 young (31744K), 9 survivors (9216K)
 Metaspace       used 74437K, capacity 76255K, committed 76288K, reserved 1116160K
  class space    used 9583K, capacity 10229K, committed 10240K, reserved 1048576K
}
Event: 17.722 GC heap after
{Heap after GC invocations=14 (full 0):
 garbage-first heap   total 260096K, used 94719K [0x0000000080000000, 0x0000000100000000)
  region size 1024K, 3 young (3072K), 3 survivors (3072K)
 Metaspace       used 74437K, capacity 76255K, committed 76288K, reserved 1116160K
  class space    used 9583K, capacity 10229K, committed 10240K, reserved 1048576K
}
Event: 19.894 GC heap before
{Heap before GC invocations=15 (full 0):
 garbage-first heap   total 260096K, used 193023K [0x0000000080000000, 0x0000000100000000)
  region size 1024K, 99 young (101376K), 3 survivors (3072K)
 Metaspace       used 81212K, capacity 83349K, committed 83584K, reserved 1122304K
  class space    used 10519K, capacity 11275K, committed 11392K, reserved 1048576K
}
Event: 19.904 GC heap after
{Heap after GC invocations=16 (full 0):
 garbage-first heap   total 260096K, used 99433K [0x0000000080000000, 0x0000000100000000)
  region size 1024K, 7 young (7168K), 7 survivors (7168K)
 Metaspace       used 81212K, capacity 83349K, committed 83584K, reserved 1122304K
  class space    used 10519K, capacity 11275K, committed 11392K, reserved 1048576K
}
Event: 22.099 GC heap before
{Heap before GC invocations=16 (full 0):
 garbage-first heap   total 260096K, used 199785K [0x0000000080000000, 0x0000000100000000)
  region size 1024K, 105 young (107520K), 7 survivors (7168K)
 Metaspace       used 91718K, capacity 93990K, committed 94080K, reserved 1130496K
  class space    used 11781K, capacity 12627K, committed 12672K, reserved 1048576K
}
Event: 22.115 GC heap after
{Heap after GC invocations=17 (full 0):
 garbage-first heap   total 260096K, used 106325K [0x0000000080000000, 0x0000000100000000)
  region size 1024K, 14 young (14336K), 14 survivors (14336K)
 Metaspace       used 91718K, capacity 93990K, committed 94080K, reserved 1130496K
  class space    used 11781K, capacity 12627K, committed 12672K, reserved 1048576K
}
Event: 25.146 GC heap before
{Heap before GC invocations=17 (full 0):
 garbage-first heap   total 260096K, used 201557K [0x0000000080000000, 0x0000000100000000)
  region size 1024K, 108 young (110592K), 14 survivors (14336K)
 Metaspace       used 93451K, capacity 95821K, committed 96128K, reserved 1132544K
  class space    used 11972K, capacity 12871K, committed 12928K, reserved 1048576K
}
Event: 25.163 GC heap after
{Heap after GC invocations=18 (full 0):
 garbage-first heap   total 260096K, used 113957K [0x0000000080000000, 0x0000000100000000)
  region size 1024K, 14 young (14336K), 14 survivors (14336K)
 Metaspace       used 93451K, capacity 95821K, committed 96128K, reserved 1132544K
  class space    used 11972K, capacity 12871K, committed 12928K, reserved 1048576K
}
Event: 27.093 GC heap before
{Heap before GC invocations=18 (full 0):
 garbage-first heap   total 260096K, used 205093K [0x0000000080000000, 0x0000000100000000)
  region size 1024K, 104 young (106496K), 14 survivors (14336K)
 Metaspace       used 97977K, capacity 100464K, committed 100608K, reserved 1136640K
  class space    used 12577K, capacity 13518K, committed 13568K, reserved 1048576K
}
Event: 27.109 GC heap after
{Heap after GC invocations=19 (full 0):
 garbage-first heap   total 260096K, used 120111K [0x0000000080000000, 0x0000000100000000)
  region size 1024K, 9 young (9216K), 9 survivors (9216K)
 Metaspace       used 97977K, capacity 100464K, committed 100608K, reserved 1136640K
  class space    used 12577K, capacity 13518K, committed 13568K, reserved 1048576K
}
Event: 28.388 GC heap before
{Heap before GC invocations=19 (full 0):
 garbage-first heap   total 260096K, used 208175K [0x0000000080000000, 0x0000000100000000)
  region size 1024K, 95 young (97280K), 9 survivors (9216K)
 Metaspace       used 103235K, capacity 105869K, committed 106112K, reserved 1140736K
  class space    used 13211K, capacity 14203K, committed 14208K, reserved 1048576K
}
Event: 28.399 GC heap after
{Heap after GC invocations=20 (full 0):
 garbage-first heap   total 260096K, used 124802K [0x0000000080000000, 0x0000000100000000)
  region size 1024K, 6 young (6144K), 6 survivors (6144K)
 Metaspace       used 103235K, capacity 105869K, committed 106112K, reserved 1140736K
  class space    used 13211K, capacity 14203K, committed 14208K, reserved 1048576K
}

